<?xml version="1.0" encoding="UTF-8" standalone="no"?><testsuites><testsuite errors="0" failures="0" hostname="emulator-5554_GalaxyNexus_API-16_unknown_AndroidSDKbuiltforx86" ignored="0" name="com.jrw82.android.geoquiz.test" tests="1" time="0.2480" timestamp="Sun Mar 01 18:37:29 PST 2015"><properties><property name="idea.version" value="13.1.5"/><property name="java.runtime.name" value="Java(TM) SE Runtime Environment"/><property name="sun.boot.library.path" value="E:\Program Files\Java\jdk1.8.0_05\jre\bin"/><property name="java.vm.version" value="25.5-b02"/><property name="java.vm.vendor" value="Oracle Corporation"/><property name="java.vendor.url" value="http://java.oracle.com/"/><property name="guice.disable.misplaced.annotation.check" value="true"/><property name="path.separator" value=";"/><property name="idea.launcher.port" value="7534"/><property name="java.vm.name" value="Java HotSpot(TM) 64-Bit Server VM"/><property name="file.encoding.pkg" value="sun.io"/><property name="user.country" value="US"/><property name="user.script" value=""/><property name="sun.java.launcher" value="SUN_STANDARD"/><property name="sun.os.patch.level" value="Service Pack 1"/><property name="java.vm.specification.name" value="Java Virtual Machine Specification"/><property name="user.dir" value="E:\Ryan's Folder\Programming\Java\Android Dev\GeoQuiz"/><property name="java.runtime.version" value="1.8.0_05-b13"/><property name="java.awt.graphicsenv" value="sun.awt.Win32GraphicsEnvironment"/><property name="java.endorsed.dirs" value="E:\Program Files\Java\jdk1.8.0_05\jre\lib\endorsed"/><property name="os.arch" value="amd64"/><property name="java.io.tmpdir" value="C:\Users\Ryan\AppData\Local\Temp\"/><property name="line.separator" value="&#13;&#10;"/><property name="java.vm.specification.vendor" value="Oracle Corporation"/><property name="user.variant" value=""/><property name="os.name" value="Windows 7"/><property name="classworlds.conf" value="C:\apache-maven-3.2.3\bin\m2.conf"/><property name="sun.jnu.encoding" value="Cp1252"/><property name="java.library.path" value="E:\Program Files\Java\jdk1.8.0_05\bin;C:\Windows\Sun\Java\bin;C:\Windows\system32;C:\Windows;C:\Program Files (x86)\NVIDIA Corporation\PhysX\Common;C:\ProgramData\Oracle\Java\javapath;%CommonProgramFiles%\Microsoft Shared\Windows Live;C:\Program Files (x86)\Intel\iCLS Client\;C:\Program Files\Intel\iCLS Client\;C:\Windows\system32;C:\Windows;C:\Windows\System32\Wbem;C:\Windows\System32\WindowsPowerShell\v1.0\;C:\Program Files\Intel\Intel(R) Management Engine Components\DAL;C:\Program Files\Intel\Intel(R) Management Engine Components\IPT;C:\Program Files (x86)\Intel\Intel(R) Management Engine Components\DAL;C:\Program Files (x86)\Intel\Intel(R) Management Engine Components\IPT;E:\Program Files\Java\jdk1.8.0_05\bin;E:\Program Files (x86)\QuickTime\QTSystem\;C:\Program Files (x86)\Windows Kits\8.1\Windows Performance Toolkit\;C:\Program Files\Microsoft SQL Server\110\Tools\Binn\;C:\Program Files (x86)\Microsoft SDKs\TypeScript\1.0\;C:\Program Files\Microsoft SQL Server\120\Tools\Binn\;E:\Program Files\TortoiseGit\bin;E:\Program Files (x86)\Git\cmd;E:\Program Files (x86)\Git\bin;C:\Program Files\Common Files\Microsoft Shared\Windows Live;C:\apache-maven-3.2.3\bin;C:\Android\android-sdk\platform-tools;C:\Android\android-sdk\tools;C:\Program Files (x86)\WiX Toolset v3.8\bin;C:\MinGW\bin;."/><property name="java.specification.name" value="Java Platform API Specification"/><property name="java.class.version" value="52.0"/><property name="sun.management.compiler" value="HotSpot 64-Bit Tiered Compilers"/><property name="os.version" value="6.1"/><property name="user.home" value="C:\Users\Ryan"/><property name="user.timezone" value="America/Los_Angeles"/><property name="java.awt.printerjob" value="sun.awt.windows.WPrinterJob"/><property name="file.encoding" value="UTF-8"/><property name="idea.launcher.bin.path" value="E:\Program Files (x86)\JetBrains\IntelliJ IDEA Community Edition 13.1.3\bin"/><property name="java.specification.version" value="1.8"/><property name="java.class.path" value="C:\apache-maven-3.2.3\boot\plexus-classworlds-2.5.1.jar;E:\Program Files (x86)\JetBrains\IntelliJ IDEA Community Edition 13.1.3\lib\idea_rt.jar"/><property name="user.name" value="Ryan"/><property name="java.vm.specification.version" value="1.8"/><property name="sun.java.command" value="com.intellij.rt.execution.application.AppMain org.codehaus.classworlds.Launcher -Didea.version=13.1.5 install"/><property name="java.home" value="E:\Program Files\Java\jdk1.8.0_05\jre"/><property name="sun.arch.data.model" value="64"/><property name="user.language" value="en"/><property name="java.specification.vendor" value="Oracle Corporation"/><property name="awt.toolkit" value="sun.awt.windows.WToolkit"/><property name="java.vm.info" value="mixed mode"/><property name="java.version" value="1.8.0_05"/><property name="java.ext.dirs" value="E:\Program Files\Java\jdk1.8.0_05\jre\lib\ext;C:\Windows\Sun\Java\lib\ext"/><property name="sun.boot.class.path" value="E:\Program Files\Java\jdk1.8.0_05\jre\lib\resources.jar;E:\Program Files\Java\jdk1.8.0_05\jre\lib\rt.jar;E:\Program Files\Java\jdk1.8.0_05\jre\lib\sunrsasign.jar;E:\Program Files\Java\jdk1.8.0_05\jre\lib\jsse.jar;E:\Program Files\Java\jdk1.8.0_05\jre\lib\jce.jar;E:\Program Files\Java\jdk1.8.0_05\jre\lib\charsets.jar;E:\Program Files\Java\jdk1.8.0_05\jre\lib\jfr.jar;E:\Program Files\Java\jdk1.8.0_05\jre\classes"/><property name="java.vendor" value="Oracle Corporation"/><property name="maven.home" value="C:\apache-maven-3.2.3"/><property name="file.separator" value="\"/><property name="java.vendor.url.bug" value="http://bugreport.sun.com/bugreport/"/><property name="sun.io.unicode.encoding" value="UnicodeLittle"/><property name="sun.cpu.endian" value="little"/><property name="sun.desktop" value="windows"/><property name="sun.cpu.isalist" value="amd64"/><property name="ro.kernel.clocksource" value="pit"/><property name="net.tcp.buffersize.wifi" value="524288,1048576,2097152,262144,524288,1048576"/><property name="net.tcp.buffersize.umts" value="4094,87380,110208,4096,16384,110208"/><property name="ro.build.version.codename" value="REL"/><property name="ro.radio.use-ppp" value="no"/><property name="sys.settings_system_version" value="4"/><property name="ro.product.locale.region" value="US"/><property name="net.tcp.buffersize.default" value="4096,87380,110208,4096,16384,110208"/><property name="net.gprs.local-ip" value="10.0.2.15"/><property name="ro.kernel.qemu.gles" value="0"/><property name="service.bootanim.exit" value="1"/><property name="rild.libargs" value="-d /dev/ttyS0"/><property name="ro.product.name" value="sdk_x86"/><property name="net.tcp.buffersize.lte" value="524288,1048576,2097152,262144,524288,1048576"/><property name="ro.revision" value="0"/><property name="ro.bootloader" value="unknown"/><property name="net.hostname" value="android-f52f92c39d928806"/><property name="dalvik.vm.heapsize" value="64m"/><property name="ro.setupwizard.mode" value="EMULATOR"/><property name="ro.bootmode" value="unknown"/><property name="ro.build.display.id" value="sdk_x86-eng 4.1.1 JRO03H eng.android-build.20120823.114606 test-keys"/><property name="ro.build.user" value="android-build"/><property name="status.battery.level_raw" value="50"/><property name="net.tcp.buffersize.hspa" value="4094,87380,262144,4096,16384,262144"/><property name="ro.debuggable" value="1"/><property name="ro.kernel.android.qemud" value="ttyS1"/><property name="ro.serialno" value=""/><property name="status.battery.level" value="5"/><property name="init.svc.netd" value="running"/><property name="ro.product.board" value=""/><property name="ro.product.locale.language" value="en"/><property name="gsm.version.ril-impl" value="android reference-ril 1.0"/><property name="init.svc.drm" value="running"/><property name="sys.usb.config" value="adb"/><property name="ro.secure" value="0"/><property name="ro.wifi.channels" value=""/><property name="ro.com.google.locationfeatures" value="1"/><property name="ro.factorytest" value="0"/><property name="init.svc.qemu-props" value="stopped"/><property name="gsm.sim.state" value="READY"/><property name="init.svc.media" value="running"/><property name="ro.build.tags" value="test-keys"/><property name="gsm.operator.iso-country" value="us"/><property name="ro.config.notification_sound" value="OnTheHunt.ogg"/><property name="gsm.sim.operator.iso-country" value="us"/><property name="net.tcp.buffersize.gprs" value="4092,8760,11680,4096,8760,11680"/><property name="ro.build.characteristics" value="default"/><property name="qemu.sf.lcd_density" value="320"/><property name="ro.kernel.console" value="ttyS0"/><property name="init.svc.debuggerd" value="running"/><property name="init.svc.ueventd" value="running"/><property name="ro.baseband" value="unknown"/><property name="init.svc.console" value="running"/><property name="init.svc.servicemanager" value="running"/><property name="gsm.current.phone-type" value="1"/><property name="gsm.nitz.time" value="1425263792688"/><property name="init.svc.installd" value="running"/><property name="net.eth0.gw" value="10.0.2.2"/><property name="ro.kernel.android.checkjni" value="1"/><property name="ro.kernel.androidboot.hardware" value="goldfish"/><property name="system_init.startsurfaceflinger" value="0"/><property name="dalvik.vm.stack-trace-file" value="/data/anr/traces.txt"/><property name="ro.product.manufacturer" value="unknown"/><property name="net.eth0.dns1" value="10.0.2.3"/><property name="net.eth0.dns2" value="10.0.2.4"/><property name="ro.hardware" value="goldfish"/><property name="init.svc.keystore" value="running"/><property name="persist.sys.localevar" value=""/><property name="ro.build.version.release" value="4.1.1"/><property name="ro.build.date.utc" value="1345693736"/><property name="persist.sys.language" value="en"/><property name="gsm.network.type" value="UMTS"/><property name="qemu.sf.fake_camera" value="none"/><property name="ro.build.id" value="JRO03H"/><property name="net.dns1" value="10.0.2.3"/><property name="net.dns2" value="10.0.2.4"/><property name="ro.runtime.firstboot" value="1425263802936"/><property name="sys.usb.state" value="adb"/><property name="init.svc.zygote" value="running"/><property name="init.svc.bootanim" value="stopped"/><property name="status.battery.level_scale" value="9"/><property name="gsm.sim.operator.alpha" value="Android"/><property name="init.svc.surfaceflinger" value="running"/><property name="ro.config.alarm_alert" value="Alarm_Classic.ogg"/><property name="ro.board.platform" value=""/><property name="ro.boot.hardware" value="goldfish"/><property name="net.tcp.buffersize.edge" value="4093,26280,35040,4096,16384,35040"/><property name="ro.product.cpu.abi" value="x86"/><property name="ro.build.product" value="generic_x86"/><property name="ro.build.type" value="eng"/><property name="persist.sys.profiler_ms" value="0"/><property name="net.qtaguid_enabled" value="0"/><property name="ro.build.description" value="sdk_x86-eng 4.1.1 JRO03H eng.android-build.20120823.114606 test-keys"/><property name="persist.sys.usb.config" value="adb"/><property name="init.svc.vold" value="running"/><property name="ro.kernel.qemu" value="1"/><property name="persist.sys.country" value="US"/><property name="ro.build.version.sdk" value="16"/><property name="sys.boot_completed" value="1"/><property name="ro.build.version.incremental" value="eng.android-build.20120823.114606"/><property name="status.battery.state" value="Slow"/><property name="ARGH" value="ARGH"/><property name="ro.build.date" value="Thu Aug 23 11:48:56 CST 2012"/><property name="ro.build.host" value="intelotc-srv"/><property name="gsm.operator.numeric" value="310260"/><property name="init.svc.adbd" value="running"/><property name="init.svc.qemud" value="running"/><property name="net.bt.name" value="Android"/><property name="init.svc.ril-daemon" value="running"/><property name="rild.libpath" value="/system/lib/libreference-ril.so"/><property name="ro.product.brand" value="generic_x86"/><property name="init.svc.goldfish-setup" value="stopped"/><property name="gsm.defaultpdpcontext.active" value="true"/><property name="ro.allow.mock.location" value="1"/><property name="gsm.operator.alpha" value="Android"/><property name="init.svc.goldfish-logcat" value="stopped"/><property name="ro.product.model" value="Android SDK built for x86"/><property name="sys.settings_secure_version" value="13"/><property name="gsm.sim.operator.numeric" value="310260"/><property name="init.svc.dbus" value="running"/><property name="qemu.hw.mainkeys" value="0"/><property name="net.change" value="net.dnschange"/><property name="ro.product.device" value="generic_x86"/><property name="dev.bootcomplete" value="1"/><property name="gsm.operator.isroaming" value="false"/><property name="persist.sys.timezone" value="America/Los_Angeles"/><property name="ro.kernel.ndns" value="2"/><property name="net.dnschange" value="1"/></properties><testcase classname="com.jrw82.android.geoquiz.test.HelloAndroidActivityTest" name="testActivity" time="0.2250"/></testsuite></testsuites>